[INFO] 14:43:52:360 tp0/(3442:3442): Soy un log
[INFO] 15:02:00:801 tp0/(4017:4017): Soy un log
[INFO] 15:02:00:802 tp0/(4017:4017): VALOR
[INFO] 15:02:07:176 tp0/(4017:4017): prueba
[INFO] 15:02:11:602 tp0/(4017:4017): consola
[INFO] 15:26:27:741 tp0/(4690:4690): Soy un log
[INFO] 15:26:27:744 tp0/(4690:4690): VALOR
[INFO] 15:26:27:744 tp0/(4690:4690): Lei el puerto 4444
[INFO] 15:26:27:744 tp0/(4690:4690): Lei la ip 127.0.0.1
[INFO] 15:35:40:338 tp0/(4934:4934): Soy un log
[INFO] 15:35:40:339 tp0/(4934:4934): VALOR
[INFO] 15:35:40:339 tp0/(4934:4934): Lei el puerto 4444
[INFO] 15:35:40:339 tp0/(4934:4934): Lei la ip 127.0.0.1
[INFO] 16:33:08:598 tp0/(6639:6639): Soy un log
[INFO] 16:33:08:602 tp0/(6639:6639): VALOR
[INFO] 16:33:08:602 tp0/(6639:6639): Lei el puerto 4444
[INFO] 16:33:08:603 tp0/(6639:6639): Lei la ip 127.0.0.1
[INFO] 16:35:56:637 tp0/(6925:6925): Soy un log
[INFO] 16:35:56:641 tp0/(6925:6925): VALOR
[INFO] 16:35:56:641 tp0/(6925:6925): Lei el puerto 4444
[INFO] 16:35:56:641 tp0/(6925:6925): Lei la ip 127.0.0.1
[INFO] 17:18:32:526 tp0/(10583:10583): Soy un log
[INFO] 17:18:32:528 tp0/(10583:10583): VALOR
[INFO] 17:18:32:528 tp0/(10583:10583): Lei el puerto 4444
[INFO] 17:18:32:528 tp0/(10583:10583): Lei la ip 127.0.0.1
[INFO] 17:18:50:858 tp0/(10631:10631): Soy un log
[INFO] 17:18:50:859 tp0/(10631:10631): VALOR
[INFO] 17:18:50:859 tp0/(10631:10631): Lei el puerto 4444
[INFO] 17:18:50:859 tp0/(10631:10631): Lei la ip 127.0.0.1
[INFO] 17:18:58:952 tp0/(10631:10631): a
[INFO] 17:27:48:822 tp0/(10850:10850): Soy un log
[INFO] 17:27:48:823 tp0/(10850:10850): VALOR
[INFO] 17:27:48:823 tp0/(10850:10850): Lei el puerto 4444
[INFO] 17:27:48:823 tp0/(10850:10850): Lei la ip 127.0.0.1
[INFO] 17:27:50:976 tp0/(10850:10850): a
[INFO] 17:27:51:322 tp0/(10850:10850): a
[INFO] 17:27:51:544 tp0/(10850:10850): a
[INFO] 17:27:51:702 tp0/(10850:10850): a
[INFO] 17:27:51:904 tp0/(10850:10850): a
[INFO] 17:27:52:061 tp0/(10850:10850): a
[INFO] 17:48:56:892 tp0/(11381:11381): Soy un log
[INFO] 17:48:56:893 tp0/(11381:11381): VALOR
[INFO] 17:48:56:893 tp0/(11381:11381): Lei el puerto 4444
[INFO] 17:48:56:893 tp0/(11381:11381): Lei la ip 127.0.0.1
[INFO] 18:16:55:152 tp0/(11460:11460): Soy un log
[INFO] 18:16:55:152 tp0/(11460:11460): VALOR
[INFO] 18:16:55:153 tp0/(11460:11460): Lei el puerto 4444
[INFO] 18:16:55:153 tp0/(11460:11460): Lei la ip 127.0.0.1
[INFO] 18:16:58:404 tp0/(11460:11460): hola
[INFO] 18:18:19:248 tp0/(11529:11529): Soy un log
[INFO] 18:18:19:249 tp0/(11529:11529): VALOR
[INFO] 18:18:19:249 tp0/(11529:11529): Lei el puerto 4444
[INFO] 18:18:19:249 tp0/(11529:11529): Lei la ip 127.0.0.1
[INFO] 18:18:22:453 tp0/(11529:11529): p
[INFO] 18:18:56:756 tp0/(11613:11613): Soy un log
[INFO] 18:18:56:759 tp0/(11613:11613): VALOR
[INFO] 18:18:56:759 tp0/(11613:11613): Lei el puerto 4444
[INFO] 18:18:56:760 tp0/(11613:11613): Lei la ip 127.0.0.1
[INFO] 18:18:59:808 tp0/(11613:11613): p
